<?xml version="1.0" encoding="UTF-8"?>
<coverage generated="1651563051896" clover="3.2.0">
  <project timestamp="1651563051896" name="All files">
    <metrics statements="19" coveredstatements="19" conditionals="14" coveredconditionals="14" methods="7" coveredmethods="7" elements="40" coveredelements="40" complexity="0" loc="19" ncloc="19" packages="1" files="3" classes="3"/>
    <file name="commands.js" path="C:\Users\hansb\jvstn\glassontable\modules\commands.js">
      <metrics statements="7" coveredstatements="7" conditionals="4" coveredconditionals="4" methods="4" coveredmethods="4"/>
      <line num="1" count="1" type="stmt"/>
      <line num="10" count="2" type="stmt"/>
      <line num="13" count="12" type="stmt"/>
      <line num="17" count="2" type="stmt"/>
      <line num="18" count="7" type="cond" truecount="2" falsecount="0"/>
      <line num="19" count="1" type="stmt"/>
      <line num="24" count="2" type="cond" truecount="2" falsecount="0"/>
    </file>
    <file name="glass.js" path="C:\Users\hansb\jvstn\glassontable\modules\glass.js">
      <metrics statements="8" coveredstatements="8" conditionals="4" coveredconditionals="4" methods="2" coveredmethods="2"/>
      <line num="1" count="1" type="stmt"/>
      <line num="31" count="4" type="stmt"/>
      <line num="34" count="4" type="cond" truecount="2" falsecount="0"/>
      <line num="35" count="1" type="stmt"/>
      <line num="37" count="4" type="cond" truecount="2" falsecount="0"/>
      <line num="38" count="1" type="stmt"/>
      <line num="46" count="1" type="stmt"/>
      <line num="47" count="1" type="stmt"/>
    </file>
    <file name="table.js" path="C:\Users\hansb\jvstn\glassontable\modules\table.js">
      <metrics statements="4" coveredstatements="4" conditionals="6" coveredconditionals="6" methods="1" coveredmethods="1"/>
      <line num="1" count="1" type="stmt"/>
      <line num="8" count="2" type="cond" truecount="2" falsecount="0"/>
      <line num="14" count="1" type="stmt"/>
      <line num="16" count="1" type="stmt"/>
    </file>
  </project>
</coverage>
