{"C:\\Users\\hansb\\jvstn\\glassontable\\modules\\commands.js": {"path":"C:\\Users\\hansb\\jvstn\\glassontable\\modules\\commands.js","statementMap":{"0":{"start":{"line":1,"column":0},"end":{"line":26,"column":2}},"1":{"start":{"line":10,"column":4},"end":{"line":13,"column":32}},"2":{"start":{"line":13,"column":21},"end":{"line":13,"column":30}},"3":{"start":{"line":17,"column":4},"end":{"line":21,"column":7}},"4":{"start":{"line":18,"column":6},"end":{"line":20,"column":7}},"5":{"start":{"line":19,"column":8},"end":{"line":19,"column":35}},"6":{"start":{"line":24,"column":4},"end":{"line":24,"column":64}},"7":{"start":{"line":24,"column":46},"end":{"line":24,"column":64}}},"fnMap":{"0":{"name":"(anonymous_0)","decl":{"start":{"line":4,"column":11},"end":{"line":4,"column":12}},"loc":{"start":{"line":4,"column":29},"end":{"line":14,"column":3}},"line":4},"1":{"name":"(anonymous_1)","decl":{"start":{"line":13,"column":14},"end":{"line":13,"column":15}},"loc":{"start":{"line":13,"column":21},"end":{"line":13,"column":30}},"line":13},"2":{"name":"(anonymous_2)","decl":{"start":{"line":15,"column":9},"end":{"line":15,"column":10}},"loc":{"start":{"line":15,"column":21},"end":{"line":25,"column":3}},"line":15},"3":{"name":"(anonymous_3)","decl":{"start":{"line":17,"column":22},"end":{"line":17,"column":23}},"loc":{"start":{"line":17,"column":40},"end":{"line":21,"column":5}},"line":17}},"branchMap":{"0":{"loc":{"start":{"line":18,"column":6},"end":{"line":20,"column":7}},"type":"if","locations":[{"start":{"line":18,"column":6},"end":{"line":20,"column":7}},{"start":{},"end":{}}],"line":18},"1":{"loc":{"start":{"line":24,"column":4},"end":{"line":24,"column":64}},"type":"if","locations":[{"start":{"line":24,"column":4},"end":{"line":24,"column":64}},{"start":{},"end":{}}],"line":24}},"s":{"0":1,"1":2,"2":12,"3":2,"4":7,"5":1,"6":2,"7":1},"f":{"0":2,"1":12,"2":2,"3":7},"b":{"0":[1,6],"1":[1,1]},"_coverageSchema":"1a1c01bbd47fc00a2c39e90264f33305004495a9","hash":"a4ca58a152f3524ec75fb654fbe1209d0a652c81"}
,"C:\\Users\\hansb\\jvstn\\glassontable\\modules\\glass.js": {"path":"C:\\Users\\hansb\\jvstn\\glassontable\\modules\\glass.js","statementMap":{"0":{"start":{"line":1,"column":0},"end":{"line":49,"column":2}},"1":{"start":{"line":31,"column":4},"end":{"line":31,"column":52}},"2":{"start":{"line":34,"column":4},"end":{"line":36,"column":5}},"3":{"start":{"line":35,"column":6},"end":{"line":35,"column":50}},"4":{"start":{"line":37,"column":4},"end":{"line":39,"column":5}},"5":{"start":{"line":38,"column":6},"end":{"line":38,"column":25}},"6":{"start":{"line":46,"column":4},"end":{"line":46,"column":68}},"7":{"start":{"line":47,"column":4},"end":{"line":47,"column":68}}},"fnMap":{"0":{"name":"(anonymous_0)","decl":{"start":{"line":29,"column":8},"end":{"line":29,"column":9}},"loc":{"start":{"line":29,"column":33},"end":{"line":40,"column":3}},"line":29},"1":{"name":"(anonymous_1)","decl":{"start":{"line":41,"column":8},"end":{"line":41,"column":9}},"loc":{"start":{"line":41,"column":28},"end":{"line":48,"column":3}},"line":41}},"branchMap":{"0":{"loc":{"start":{"line":34,"column":4},"end":{"line":36,"column":5}},"type":"if","locations":[{"start":{"line":34,"column":4},"end":{"line":36,"column":5}},{"start":{},"end":{}}],"line":34},"1":{"loc":{"start":{"line":37,"column":4},"end":{"line":39,"column":5}},"type":"if","locations":[{"start":{"line":37,"column":4},"end":{"line":39,"column":5}},{"start":{},"end":{}}],"line":37}},"s":{"0":1,"1":4,"2":4,"3":1,"4":4,"5":1,"6":1,"7":1},"f":{"0":4,"1":1},"b":{"0":[1,3],"1":[1,3]},"_coverageSchema":"1a1c01bbd47fc00a2c39e90264f33305004495a9","hash":"693f3941de4c3d320c45910cb746517529fc38a7"}
,"C:\\Users\\hansb\\jvstn\\glassontable\\modules\\table.js": {"path":"C:\\Users\\hansb\\jvstn\\glassontable\\modules\\table.js","statementMap":{"0":{"start":{"line":1,"column":0},"end":{"line":19,"column":2}},"1":{"start":{"line":8,"column":4},"end":{"line":17,"column":5}},"2":{"start":{"line":14,"column":6},"end":{"line":14,"column":19}},"3":{"start":{"line":16,"column":6},"end":{"line":16,"column":18}}},"fnMap":{"0":{"name":"(anonymous_0)","decl":{"start":{"line":7,"column":19},"end":{"line":7,"column":20}},"loc":{"start":{"line":7,"column":39},"end":{"line":18,"column":3}},"line":7}},"branchMap":{"0":{"loc":{"start":{"line":8,"column":4},"end":{"line":17,"column":5}},"type":"if","locations":[{"start":{"line":8,"column":4},"end":{"line":17,"column":5}},{"start":{"line":15,"column":11},"end":{"line":17,"column":5}}],"line":8},"1":{"loc":{"start":{"line":9,"column":6},"end":{"line":12,"column":36}},"type":"binary-expr","locations":[{"start":{"line":9,"column":6},"end":{"line":9,"column":20}},{"start":{"line":10,"column":6},"end":{"line":10,"column":35}},{"start":{"line":11,"column":6},"end":{"line":11,"column":20}},{"start":{"line":12,"column":6},"end":{"line":12,"column":36}}],"line":9}},"s":{"0":1,"1":2,"2":1,"3":1},"f":{"0":2},"b":{"0":[1,1],"1":[2,2,2,1]},"_coverageSchema":"1a1c01bbd47fc00a2c39e90264f33305004495a9","hash":"7cf96c6f045f8b3c809092228493066daf4b69ce"}
}
