TN:
SF:modules\commands.js
FN:4,(anonymous_0)
FN:6,(anonymous_1)
FN:9,(anonymous_2)
FNF:3
FNH:3
FNDA:3,(anonymous_0)
FNDA:15,(anonymous_1)
FNDA:11,(anonymous_2)
DA:1,1
DA:6,15
DA:9,3
DA:10,11
DA:11,2
DA:16,3
LF:6
LH:6
BRDA:10,0,0,2
BRDA:10,0,1,9
BRDA:16,1,0,1
BRDA:16,1,1,2
BRF:4
BRH:4
end_of_record
TN:
SF:modules\glass.js
FN:29,(anonymous_0)
FN:41,(anonymous_1)
FNF:2
FNH:2
FNDA:4,(anonymous_0)
FNDA:1,(anonymous_1)
DA:1,1
DA:31,4
DA:34,4
DA:35,1
DA:37,4
DA:38,1
DA:46,1
DA:47,1
LF:8
LH:8
BRDA:34,0,0,1
BRDA:34,0,1,3
BRDA:37,1,0,1
BRDA:37,1,1,3
BRF:4
BRH:4
end_of_record
TN:
SF:modules\table.js
FN:7,(anonymous_0)
FNF:1
FNH:1
FNDA:2,(anonymous_0)
DA:1,1
DA:8,2
DA:14,1
DA:16,1
LF:4
LH:4
BRDA:8,0,0,1
BRDA:8,0,1,1
BRDA:9,1,0,2
BRDA:9,1,1,2
BRDA:9,1,2,2
BRDA:9,1,3,1
BRF:6
BRH:6
end_of_record
