TN:
SF:modules\commands.js
FN:4,(anonymous_0)
FN:13,(anonymous_1)
FN:15,(anonymous_2)
FN:17,(anonymous_3)
FNF:4
FNH:4
FNDA:2,(anonymous_0)
FNDA:12,(anonymous_1)
FNDA:2,(anonymous_2)
FNDA:7,(anonymous_3)
DA:1,1
DA:10,2
DA:13,12
DA:17,2
DA:18,7
DA:19,1
DA:24,2
LF:7
LH:7
BRDA:18,0,0,1
BRDA:18,0,1,6
BRDA:24,1,0,1
BRDA:24,1,1,1
BRF:4
BRH:4
end_of_record
TN:
SF:modules\glass.js
FN:29,(anonymous_0)
FN:41,(anonymous_1)
FNF:2
FNH:2
FNDA:4,(anonymous_0)
FNDA:1,(anonymous_1)
DA:1,1
DA:31,4
DA:34,4
DA:35,1
DA:37,4
DA:38,1
DA:46,1
DA:47,1
LF:8
LH:8
BRDA:34,0,0,1
BRDA:34,0,1,3
BRDA:37,1,0,1
BRDA:37,1,1,3
BRF:4
BRH:4
end_of_record
TN:
SF:modules\table.js
FN:7,(anonymous_0)
FNF:1
FNH:1
FNDA:2,(anonymous_0)
DA:1,1
DA:8,2
DA:14,1
DA:16,1
LF:4
LH:4
BRDA:8,0,0,1
BRDA:8,0,1,1
BRDA:9,1,0,2
BRDA:9,1,1,2
BRDA:9,1,2,2
BRDA:9,1,3,1
BRF:6
BRH:6
end_of_record
